2022-11-25 11:39:23.986  INFO 12415 --- [main] lavalink.server.Launcher                 : Starting Launcher using Java 11.0.16 on kali-raspberry-pi with PID 12415 (/home/kali/Documents/Aurora/Lavalink.jar started by kali in /home/kali/Documents/Aurora)
2022-11-25 11:39:24.009  INFO 12415 --- [main] lavalink.server.Launcher                 : No active profile set, falling back to 1 default profile: "default"
2022-11-25 11:39:29.657  INFO 12415 --- [main] lavalink.server.bootstrap.PluginManager  : Found plugin 'lavasrc' version 3.1.5
2022-11-25 11:39:29.880  INFO 12415 --- [main] lavalink.server.bootstrap.PluginManager  : Loaded lavasrc-plugin-3.1.6.jar (22 classes)
2022-11-25 11:39:31.073  INFO 12415 --- [main] lavalink.server.Launcher                 : Started Launcher in 10.163 seconds (JVM running for 13.59)
2022-11-25 11:39:31.087  INFO 12415 --- [main] lavalink.server.Launcher                 : You can safely ignore the big red warning about illegal reflection. See https://github.com/freyacodes/Lavalink/issues/295
2022-11-25 11:39:31.470  INFO 12415 --- [main] lavalink.server.Launcher                 : 

[32m       .  [31m _                  _ _       _    [32m__ _ _
[32m      /\\ [31m| | __ ___   ____ _| (_)_ __ | | __[32m\ \ \ \
[32m     ( ( )[31m| |/ _` \ \ / / _` | | | '_ \| |/ /[32m \ \ \ \
[32m      \\/ [31m| | (_| |\ V / (_| | | | | | |   < [32m  ) ) ) )
[32m       '  [31m|_|\__,_| \_/ \__,_|_|_|_| |_|_|\_\[32m / / / /
[0m    =========================================[32m/_/_/_/[0m

	Version:        3.6.2
	Build time:     08.11.2022 09:02:53 UTC
	Branch          HEAD
	Commit:         4782f1f
	Commit time:    08.11.2022 09:01:14 UTC
	JVM:            11.0.16
	Lavaplayer      1.3.99.1-original

2022-11-25 11:39:31.545  INFO 12415 --- [main] lavalink.server.Launcher                 : No active profile set, falling back to 1 default profile: "default"
2022-11-25 11:39:35.760  WARN 12415 --- [main] io.undertow.websockets.jsr               : UT026010: Buffer pool was not set on WebSocketDeploymentInfo, the default pool will be used
2022-11-25 11:39:35.951  INFO 12415 --- [main] io.undertow.servlet                      : Initializing Spring embedded WebApplicationContext
2022-11-25 11:39:35.952  INFO 12415 --- [main] w.s.c.ServletWebServerApplicationContext : Root WebApplicationContext: initialization completed in 4325 ms
2022-11-25 11:39:36.448  INFO 12415 --- [main] c.g.t.lavasrc.plugin.LavaSrcPlugin       : Loading LavaSrc plugin...
2022-11-25 11:39:37.816  INFO 12415 --- [main] c.s.d.l.tools.GarbageCollectionMonitor   : GC monitoring enabled, reporting results every 2 minutes.
2022-11-25 11:39:38.744  INFO 12415 --- [main] lavalink.server.config.KoeConfiguration  : OS: LINUX, Arch: ARM
2022-11-25 11:39:38.745  INFO 12415 --- [main] lavalink.server.config.KoeConfiguration  : Enabling JDA-NAS
2022-11-25 11:39:38.772  INFO 12415 --- [main] c.s.l.c.natives.NativeLibraryLoader      : Native library udpqueue: loading with filter null
2022-11-25 11:39:38.820  INFO 12415 --- [main] c.s.l.c.natives.NativeLibraryLoader      : Native library udpqueue: successfully loaded.
2022-11-25 11:39:39.004  WARN 12415 --- [main] l.server.config.SentryConfiguration      : Turning off sentry
2022-11-25 11:39:40.377  INFO 12415 --- [main] io.undertow                              : starting server: Undertow - 2.2.16.Final
2022-11-25 11:39:40.445  INFO 12415 --- [main] org.xnio                                 : XNIO version 3.8.6.Final
2022-11-25 11:39:40.532  INFO 12415 --- [main] org.xnio.nio                             : XNIO NIO Implementation Version 3.8.6.Final
2022-11-25 11:39:40.976  INFO 12415 --- [main] org.jboss.threads                        : JBoss Threads version 3.1.0.Final
2022-11-25 11:39:41.270  INFO 12415 --- [main] o.s.b.w.e.undertow.UndertowWebServer     : Undertow started on port(s) 2333 (http)
2022-11-25 11:39:41.300  INFO 12415 --- [main] lavalink.server.Launcher                 : Started Launcher in 10.19 seconds (JVM running for 23.818)
2022-11-25 11:39:41.306  INFO 12415 --- [main] lavalink.server.Launcher                 : Lavalink is ready to accept connections.
